Command line:
   ECE281_celi_lab2_sword_ECE281_celi_lab2_sword_sch_tb_isim_beh.exe
     -simmode  gui
     -simrunnum  2
     -socket  53153

Thu Feb 19 09:36:06 2015


 Elaboration Time: 0.093601 sec

 Current Memory Usage: 505.455 Meg

 Total Signals          : 57
 Total Nets             : 36
 Total Signal Drivers   : 11
 Total Blocks           : 11
 Total Primitive Blocks : 9
 Total Processes        : 10
 Total Traceable Variables  : 14
 Total Scalar Nets and Variables : 520
Total Line Count : 30

 Total Simulation Time: 0.405602 sec

 Current Memory Usage: 505.455 Meg

Thu Feb 19 10:04:25 2015

