Command line:
   ECE281_CPX2_Celiano_HA_ECE281_CPX2_Celiano_HA_sch_tb_isim_beh.exe
     -simmode  gui
     -simrunnum  0
     -socket  61419

Thu Jan 22 20:18:27 2015


 Elaboration Time: 0.078001 sec

 Current Memory Usage: 505.455 Meg

 Total Signals          : 39
 Total Nets             : 29
 Total Signal Drivers   : 4
 Total Blocks           : 7
 Total Primitive Blocks : 5
 Total Processes        : 3
 Total Traceable Variables  : 13
 Total Scalar Nets and Variables : 512
Total Line Count : 11

 Total Simulation Time: 0.530404 sec

 Current Memory Usage: 505.455 Meg

Thu Jan 22 20:23:29 2015

