Command line:
   ECE281_Celi_Lab2_sword_isim_beh.exe
     -simmode  gui
     -simrunnum  0
     -socket  49944

Wed Feb 18 23:01:51 2015


 Elaboration Time: 0.078 sec

 Current Memory Usage: 505.455 Meg

 Total Signals          : 53
 Total Nets             : 36
 Total Signal Drivers   : 8
 Total Blocks           : 10
 Total Primitive Blocks : 9
 Total Processes        : 8
 Total Traceable Variables  : 14
 Total Scalar Nets and Variables : 520
Total Line Count : 9

 Total Simulation Time: 0.124801 sec

 Current Memory Usage: 505.455 Meg

Wed Feb 18 23:02:08 2015

