Command line:
   thunderbird_tb_isim_beh.exe
     -simmode  gui
     -simrunnum  1
     -socket  49349

Wed Mar 18 03:54:36 2015


 Elaboration Time: 0.0624 sec

 Current Memory Usage: 505.36 Meg

 Total Signals          : 14
 Total Nets             : 12
 Total Signal Drivers   : 12
 Total Blocks           : 3
 Total Primitive Blocks : 2
 Total Processes        : 10
 Total Traceable Variables  : 9
 Total Scalar Nets and Variables : 373
Total Line Count : 58

 Total Simulation Time: 0.514803 sec

 Current Memory Usage: 505.36 Meg

Wed Mar 18 04:03:15 2015

