Command line:
   ECE281_CPX1_Celiano_Top_ECE281_CPX1_Celiano_Top_sch_tb_isim_beh.exe
     -simmode  gui
     -simrunnum  0
     -socket  51217

Tue Jan 13 15:53:14 2015


 Elaboration Time: 0.078001 sec

 Current Memory Usage: 505.455 Meg

 Total Signals          : 73
 Total Nets             : 41
 Total Signal Drivers   : 16
 Total Blocks           : 13
 Total Primitive Blocks : 11
 Total Processes        : 9
 Total Traceable Variables  : 13
 Total Scalar Nets and Variables : 524
Total Line Count : 33

 Total Simulation Time: 0.998407 sec

 Current Memory Usage: 505.455 Meg

Tue Jan 13 16:54:35 2015

